[32m2020-05-11 12:36:47.142[0m | [1mINFO    [0m | [36mFRModule.FRUtils.redis_utils[0m:[36m<module>[0m:[36m10[0m - [1mModel Container Established connection with redis!![0m
[32m2020-05-11 12:36:47.211[0m | [1mINFO    [0m | [36mFRModule.FRFeatures.embed_search[0m:[36m__init__[0m:[36m37[0m - [1mNew Search instance at: 1589200607.211071[0m
IndexFlatL2 train timing: 1.9073486328125e-05,
Trained: True
Total: 2
[32m2020-05-11 12:36:47.211[0m | [1mINFO    [0m | [36mFRModule.FRFeatures.embed_search[0m:[36mindexFlatL2IP[0m:[36m69[0m - [1mIndexFlatL2 train timing: 1.9073486328125e-05[0m
[32m2020-05-11 12:41:38.660[0m | [1mINFO    [0m | [36mFRModule.FRUtils.redis_utils[0m:[36m<module>[0m:[36m10[0m - [1mModel Container Established connection with redis!![0m
[32m2020-05-11 12:41:38.725[0m | [1mINFO    [0m | [36mFRModule.FRFeatures.embed_search[0m:[36m__init__[0m:[36m37[0m - [1mNew Search instance at: 1589200898.725847[0m
IndexFlatL2 train timing: 1.9073486328125e-05,
Trained: True
Total: 2
[32m2020-05-11 12:41:38.726[0m | [1mINFO    [0m | [36mFRModule.FRFeatures.embed_search[0m:[36mindexFlatL2IP[0m:[36m69[0m - [1mIndexFlatL2 train timing: 1.9073486328125e-05[0m
Q Load time:  0.00013566017150878906
FE Result Load time:  0.00041866302490234375
IndexFlatL2 train timing: 2.6226043701171875e-05,
Trained: True
Total: 3
[32m2020-05-11 12:57:26.991[0m | [1mINFO    [0m | [36mFRModule.FRFeatures.embed_search[0m:[36mindexFlatL2IP[0m:[36m69[0m - [1mIndexFlatL2 train timing: 2.6226043701171875e-05[0m
Register time:  0.003744363784790039
[32m2020-05-11 12:57:26.994[0m | [1mINFO    [0m | [36mFRModule.FRCore.workers.es_worker[0m:[36mstart[0m:[36m31[0m - [1mES Processing Time: 0.004472494125366211
[0m
Q Load time:  6.151199340820312e-05
FE Result Load time:  0.00016808509826660156
Traceback (most recent call last):
  File "run_es_worker.py", line 4, in <module>
    ESWorker()
  File "/app/FRModule/FRCore/workers/es_worker.py", line 19, in __init__
    self.start()
  File "/app/FRModule/FRCore/workers/es_worker.py", line 28, in start
    self.fe_process.esJob(es_job = es_job)
  File "/app/FRModule/FRFeatures/es_process.py", line 61, in esJob
    self.eid_scores.append(np.copy(self.embedMatch(embeddings)))
  File "/app/FRModule/FRFeatures/es_process.py", line 104, in embedMatch
    eid=self.es_job.fr_user
  File "/app/FRModule/FRCore/fr_handle.py", line 60, in embedMatch
    queryVecs=queryVec, embed=self.feature_log.getEIDEmbed(grp_name=groupUUID, eid=eid))
  File "/app/FRModule/FRFeatures/fr_feature_log.py", line 40, in getEIDEmbed
    [np.where(self.groupFeatures[grp_ids] == eid)[0][0]]
IndexError: index 0 is out of bounds for axis 0 with size 0
