[32m2020-05-11 12:36:47.268[0m | [1mINFO    [0m | [36mFRModule.FRUtils.redis_utils[0m:[36m<module>[0m:[36m14[0m - [1mModel Container Established connection with redis!![0m
[12:36:52] src/nnvm/legacy_json_util.cc:209: Loading symbol saved by previous version v0.8.0. Attempting to upgrade...
[12:36:52] src/nnvm/legacy_json_util.cc:217: Symbol successfully upgraded!
[12:36:52] src/nnvm/legacy_json_util.cc:209: Loading symbol saved by previous version v0.8.0. Attempting to upgrade...
[12:36:52] src/nnvm/legacy_json_util.cc:217: Symbol successfully upgraded!
[12:36:52] src/nnvm/legacy_json_util.cc:209: Loading symbol saved by previous version v0.8.0. Attempting to upgrade...
[12:36:52] src/nnvm/legacy_json_util.cc:217: Symbol successfully upgraded!
[12:36:52] src/nnvm/legacy_json_util.cc:209: Loading symbol saved by previous version v0.8.0. Attempting to upgrade...
[12:36:52] src/nnvm/legacy_json_util.cc:217: Symbol successfully upgraded!
[32m2020-05-11 12:41:38.778[0m | [1mINFO    [0m | [36mFRModule.FRUtils.redis_utils[0m:[36m<module>[0m:[36m14[0m - [1mModel Container Established connection with redis!![0m
[12:41:44] src/nnvm/legacy_json_util.cc:209: Loading symbol saved by previous version v0.8.0. Attempting to upgrade...
[12:41:44] src/nnvm/legacy_json_util.cc:217: Symbol successfully upgraded!
[12:41:44] src/nnvm/legacy_json_util.cc:209: Loading symbol saved by previous version v0.8.0. Attempting to upgrade...
[12:41:44] src/nnvm/legacy_json_util.cc:217: Symbol successfully upgraded!
[12:41:44] src/nnvm/legacy_json_util.cc:209: Loading symbol saved by previous version v0.8.0. Attempting to upgrade...
[12:41:44] src/nnvm/legacy_json_util.cc:217: Symbol successfully upgraded!
[12:41:44] src/nnvm/legacy_json_util.cc:209: Loading symbol saved by previous version v0.8.0. Attempting to upgrade...
[12:41:44] src/nnvm/legacy_json_util.cc:217: Symbol successfully upgraded!
IMLoad:  0.013864278793334961
FD Detect:2.4250411987304688
Align:0.00894308090209961
detected Face Count: 1
Detect:  2.434061050415039
FD Push:0.0005948543548583984,0.001026153564453125
FD Json Time: 0.00028634071350097656, Processing Time: 2.4490315914154053
[32m2020-05-11 12:57:25.859[0m | [1mINFO    [0m | [36mFRModule.FRCore.workers.fd_worker[0m:[36mstart[0m:[36m31[0m - [1mFD Total Time: 2.4493179321289062[0m
IMLoad:  0.012352228164672852
FD Detect:0.08746576309204102
Align:0.0014252662658691406
detected Face Count: 3
Detect:  0.08894610404968262
FD Push:0.00028634071350097656
FD Json Time: 0.0002942085266113281, Processing Time: 0.10163497924804688
[32m2020-05-11 12:57:51.458[0m | [1mINFO    [0m | [36mFRModule.FRCore.workers.fd_worker[0m:[36mstart[0m:[36m31[0m - [1mFD Total Time: 0.1019291877746582[0m
IMLoad:  0.002330780029296875
FD Detect:0.04415559768676758
Align:0.0008158683776855469
detected Face Count: 1
Detect:  0.04503679275512695
FD Push:0.0003590583801269531,0.0006210803985595703
FD Json Time: 0.0001251697540283203, Processing Time: 0.048064231872558594
[32m2020-05-11 12:58:02.749[0m | [1mINFO    [0m | [36mFRModule.FRCore.workers.fd_worker[0m:[36mstart[0m:[36m31[0m - [1mFD Total Time: 0.048189401626586914[0m
IMLoad:  0.0022461414337158203
FD Detect:0.024750232696533203
Align:0.0007092952728271484
detected Face Count: 1
Detect:  0.025506973266601562
FD Push:0.0003256797790527344,0.0005445480346679688
FD Json Time: 8.296966552734375e-05, Processing Time: 0.028351306915283203
[32m2020-05-11 13:09:18.116[0m | [1mINFO    [0m | [36mFRModule.FRCore.workers.fd_worker[0m:[36mstart[0m:[36m31[0m - [1mFD Total Time: 0.028434276580810547[0m
IMLoad:  0.002764463424682617
FD Detect:0.02373647689819336
Align:0.0007784366607666016
detected Face Count: 1
Detect:  0.024626731872558594
FD Push:0.00036716461181640625,0.0005946159362792969
FD Json Time: 0.000102996826171875, Processing Time: 0.028052568435668945
[32m2020-05-11 13:16:08.603[0m | [1mINFO    [0m | [36mFRModule.FRCore.workers.fd_worker[0m:[36mstart[0m:[36m31[0m - [1mFD Total Time: 0.02815556526184082[0m
