[32m2020-05-11 12:36:48.145[0m | [1mINFO    [0m | [36mFRModule.FRUtils.redis_utils[0m:[36m<module>[0m:[36m10[0m - [1mModel Container Established connection with redis!![0m
AFIF model loading .... FRModule/FRWeights/IFModel/model-r100-ii/model 0
[12:36:53] src/nnvm/legacy_json_util.cc:209: Loading symbol saved by previous version v1.2.0. Attempting to upgrade...
[12:36:53] src/nnvm/legacy_json_util.cc:217: Symbol successfully upgraded!
[32m2020-05-11 12:41:39.707[0m | [1mINFO    [0m | [36mFRModule.FRUtils.redis_utils[0m:[36m<module>[0m:[36m10[0m - [1mModel Container Established connection with redis!![0m
AFIF model loading .... FRModule/FRWeights/IFModel/model-r100-ii/model 0
[12:41:45] src/nnvm/legacy_json_util.cc:209: Loading symbol saved by previous version v1.2.0. Attempting to upgrade...
[12:41:45] src/nnvm/legacy_json_util.cc:217: Symbol successfully upgraded!
FD Result Load time:  0.000171661376953125
[12:57:25] src/operator/nn/./cudnn/./cudnn_algoreg-inl.h:97: Running performance tests to find the best convolution algorithm, this can take a while... (set the environment variable MXNET_CUDNN_AUTOTUNE_DEFAULT to 0 to disable)
embedding timing:  1.1279089450836182
FE Embed time:  1.1279728412628174
FE reg time:  0.0007474422454833984
FE Push:0.0005776882171630859,0.0011734962463378906
FE Json Time: 4.839897155761719e-05, Processing Time: 1.1301963329315186
[32m2020-05-11 12:57:26.990[0m | [1mINFO    [0m | [36mFRModule.FRCore.workers.fe_worker[0m:[36mstart[0m:[36m31[0m - [1mFE Total Time: 1.1302447319030762[0m
FD Result Load time:  0.00018167495727539062
embedding timing:  0.014586210250854492
FE Embed time:  0.014611005783081055
FE Push:0.00019669532775878906,0.0004353523254394531
FE Json Time: 5.1975250244140625e-05, Processing Time: 0.015274286270141602
[32m2020-05-11 12:58:02.764[0m | [1mINFO    [0m | [36mFRModule.FRCore.workers.fe_worker[0m:[36mstart[0m:[36m31[0m - [1mFE Total Time: 0.015326261520385742[0m
FD Result Load time:  0.0002486705780029297
embedding timing:  0.016790390014648438
FE Embed time:  0.016824960708618164
FE Push:0.0002644062042236328,0.0005419254302978516
FE Json Time: 3.695487976074219e-05, Processing Time: 0.017668485641479492
[32m2020-05-11 13:09:18.133[0m | [1mINFO    [0m | [36mFRModule.FRCore.workers.fe_worker[0m:[36mstart[0m:[36m31[0m - [1mFE Total Time: 0.017705440521240234[0m
FD Result Load time:  0.00016808509826660156
embedding timing:  0.016141653060913086
FE Embed time:  0.01616644859313965
FE Push:0.00019240379333496094,0.00041484832763671875
FE Json Time: 3.7670135498046875e-05, Processing Time: 0.016797780990600586
[32m2020-05-11 13:16:08.619[0m | [1mINFO    [0m | [36mFRModule.FRCore.workers.fe_worker[0m:[36mstart[0m:[36m31[0m - [1mFE Total Time: 0.016835451126098633[0m
