2023-06-01 13:05:05,290 — logging — INFO — start_logging : 41 — 





2023-06-01 13:05:05,292 — logging — INFO — start_logging : 42 — Starting Lazy Trading .............
2023-06-01 13:06:15,713 — logging — INFO — start_logging : 41 — 





2023-06-01 13:06:15,714 — logging — INFO — start_logging : 42 — Starting EdgeAI core API .............
2023-06-01 13:09:46,649 — logging — INFO — start_logging : 41 — 





2023-06-01 13:09:46,649 — logging — INFO — start_logging : 42 — Starting EdgeAI core API .............
2023-06-01 13:09:52,060 — logging — INFO — start_logging : 41 — 





2023-06-01 13:09:52,061 — logging — INFO — start_logging : 42 — Starting EdgeAI core API .............
2023-06-01 13:10:38,925 — logging — INFO — start_logging : 41 — 





2023-06-01 13:10:38,926 — logging — INFO — start_logging : 42 — Starting EdgeAI core API .............
2023-06-01 13:13:00,610 — logging — INFO — start_logging : 41 — 





2023-06-01 13:13:00,610 — logging — INFO — start_logging : 42 — Starting EdgeAI core API .............
2023-06-01 13:15:29,045 — logging — INFO — start_logging : 41 — 





2023-06-01 13:15:29,046 — logging — INFO — start_logging : 42 — Starting EdgeAI core API .............
2023-06-01 13:18:15,455 — logging — INFO — start_logging : 41 — 





2023-06-01 13:18:15,456 — logging — INFO — start_logging : 42 — Starting EdgeAI core API .............
2023-06-01 17:04:24,639 — logging — INFO — start_logging : 41 — 





2023-06-01 17:04:24,640 — logging — INFO — start_logging : 42 — Starting EdgeAI core API .............
2023-06-01 17:05:50,687 — logging — INFO — start_logging : 41 — 





2023-06-01 17:05:50,687 — logging — INFO — start_logging : 42 — Starting EdgeAI core API .............
2023-06-01 17:06:39,948 — logging — INFO — start_logging : 41 — 





2023-06-01 17:06:39,948 — logging — INFO — start_logging : 42 — Starting EdgeAI core API .............
2023-06-01 17:08:02,221 — logging — INFO — start_logging : 41 — 





2023-06-01 17:08:02,221 — logging — INFO — start_logging : 42 — Starting EdgeAI core API .............
2023-06-01 17:09:09,117 — logging — INFO — start_logging : 41 — 





2023-06-01 17:09:09,117 — logging — INFO — start_logging : 42 — Starting EdgeAI core API .............
2023-06-01 17:12:01,495 — logging — INFO — start_logging : 41 — 





2023-06-01 17:12:01,495 — logging — INFO — start_logging : 42 — Starting EdgeAI core API .............
2023-06-01 17:13:46,121 — logging — INFO — start_logging : 41 — 





2023-06-01 17:13:46,121 — logging — INFO — start_logging : 42 — Starting EdgeAI core API .............
2023-06-01 17:14:23,838 — logging — INFO — start_logging : 41 — 





2023-06-01 17:14:23,839 — logging — INFO — start_logging : 42 — Starting EdgeAI core API .............
2023-06-01 17:14:47,051 — logging — INFO — start_logging : 41 — 





2023-06-01 17:14:47,052 — logging — INFO — start_logging : 42 — Starting EdgeAI core API .............
2023-06-01 17:15:21,494 — logging — INFO — start_logging : 41 — 





2023-06-01 17:15:21,494 — logging — INFO — start_logging : 42 — Starting EdgeAI core API .............
2023-06-01 17:16:06,932 — logging — INFO — start_logging : 41 — 





2023-06-01 17:16:06,932 — logging — INFO — start_logging : 42 — Starting EdgeAI core API .............
2023-06-01 17:17:17,169 — logging — INFO — start_logging : 41 — 





2023-06-01 17:17:17,170 — logging — INFO — start_logging : 42 — Starting EdgeAI core API .............
2023-06-01 17:22:01,669 — logging — INFO — start_logging : 41 — 





2023-06-01 17:22:01,669 — logging — INFO — start_logging : 42 — Starting EdgeAI core API .............
2023-06-01 17:23:16,153 — logging — INFO — start_logging : 41 — 





2023-06-01 17:23:16,153 — logging — INFO — start_logging : 42 — Starting EdgeAI core API .............
2023-06-01 17:25:54,630 — logging — INFO — start_logging : 41 — 





2023-06-01 17:25:54,631 — logging — INFO — start_logging : 42 — Starting EdgeAI core API .............
2023-06-01 17:40:47,662 — logging — INFO — start_logging : 41 — 





2023-06-01 17:40:47,662 — logging — INFO — start_logging : 42 — Starting EdgeAI core API .............
2023-06-01 17:52:11,526 — logging — INFO — start_logging : 41 — 





2023-06-01 17:52:11,526 — logging — INFO — start_logging : 42 — Starting EdgeAI core API .............
2023-06-01 17:53:00,755 — logging — INFO — start_logging : 41 — 





2023-06-01 17:53:00,755 — logging — INFO — start_logging : 42 — Starting EdgeAI core API .............
2023-06-01 17:57:22,521 — logging — INFO — start_logging : 41 — 





2023-06-01 17:57:22,521 — logging — INFO — start_logging : 42 — Starting EdgeAI core API .............
2023-06-01 17:59:40,576 — logging — INFO — start_logging : 41 — 





2023-06-01 17:59:40,576 — logging — INFO — start_logging : 42 — Starting EdgeAI core API .............
2023-06-01 18:00:56,396 — logging — INFO — start_logging : 41 — 





2023-06-01 18:00:56,396 — logging — INFO — start_logging : 42 — Starting EdgeAI core API .............
2023-06-01 18:01:19,550 — logging — INFO — start_logging : 41 — 





2023-06-01 18:01:19,550 — logging — INFO — start_logging : 42 — Starting EdgeAI core API .............
2023-06-01 18:09:12,632 — logging — INFO — start_logging : 41 — 





2023-06-01 18:09:12,632 — logging — INFO — start_logging : 42 — Starting EdgeAI core API .............
2023-06-01 18:09:24,502 — logging — INFO — start_logging : 41 — 





2023-06-01 18:09:24,502 — logging — INFO — start_logging : 42 — Starting EdgeAI core API .............
2023-06-01 18:17:44,605 — logging — INFO — start_logging : 41 — 





2023-06-01 18:17:44,605 — logging — INFO — start_logging : 42 — Starting EdgeAI core API .............
2023-06-01 18:45:05,654 — logging — INFO — start_logging : 41 — 





2023-06-01 18:45:05,654 — logging — INFO — start_logging : 42 — Starting EdgeAI core API .............
2023-06-01 18:52:38,523 — logging — INFO — start_logging : 41 — 





2023-06-01 18:52:38,523 — logging — INFO — start_logging : 42 — Starting EdgeAI core API .............
2023-06-01 18:54:06,710 — logging — INFO — start_logging : 41 — 





2023-06-01 18:54:06,710 — logging — INFO — start_logging : 42 — Starting EdgeAI core API .............
2023-06-01 18:57:36,125 — logging — INFO — start_logging : 41 — 





2023-06-01 18:57:36,125 — logging — INFO — start_logging : 42 — Starting EdgeAI core API .............
2023-06-01 18:57:46,927 — logging — INFO — start_logging : 41 — 





2023-06-01 18:57:46,927 — logging — INFO — start_logging : 42 — Starting EdgeAI core API .............
2023-06-01 18:58:09,841 — logging — INFO — start_logging : 41 — 





2023-06-01 18:58:09,841 — logging — INFO — start_logging : 42 — Starting EdgeAI core API .............
2023-06-01 18:58:59,563 — logging — INFO — start_logging : 41 — 





2023-06-01 18:58:59,563 — logging — INFO — start_logging : 42 — Starting EdgeAI core API .............
2023-06-01 18:59:20,942 — logging — INFO — start_logging : 41 — 





2023-06-01 18:59:20,942 — logging — INFO — start_logging : 42 — Starting EdgeAI core API .............
2023-06-01 19:00:08,615 — logging — INFO — start_logging : 41 — 





2023-06-01 19:00:08,615 — logging — INFO — start_logging : 42 — Starting EdgeAI core API .............
2023-06-01 19:00:14,503 — logging — INFO — start_logging : 41 — 





2023-06-01 19:00:14,503 — logging — INFO — start_logging : 42 — Starting EdgeAI core API .............
2023-06-01 19:00:31,818 — logging — INFO — start_logging : 41 — 





2023-06-01 19:00:31,818 — logging — INFO — start_logging : 42 — Starting EdgeAI core API .............
2023-06-01 19:01:32,229 — logging — INFO — start_logging : 41 — 





2023-06-01 19:01:32,229 — logging — INFO — start_logging : 42 — Starting EdgeAI core API .............
2023-06-01 19:01:56,879 — logging — INFO — start_logging : 41 — 





2023-06-01 19:01:56,879 — logging — INFO — start_logging : 42 — Starting EdgeAI core API .............
2023-06-01 19:03:51,131 — logging — INFO — start_logging : 41 — 





2023-06-01 19:03:51,131 — logging — INFO — start_logging : 42 — Starting EdgeAI core API .............
2023-06-01 19:04:23,094 — logging — INFO — start_logging : 41 — 





2023-06-01 19:04:23,094 — logging — INFO — start_logging : 42 — Starting EdgeAI core API .............
2023-06-01 19:06:48,080 — logging — INFO — start_logging : 41 — 





2023-06-01 19:06:48,080 — logging — INFO — start_logging : 42 — Starting EdgeAI core API .............
2023-06-01 19:06:51,831 — logging — INFO — start_logging : 41 — 





2023-06-01 19:06:51,831 — logging — INFO — start_logging : 42 — Starting EdgeAI core API .............
2023-06-01 19:06:54,567 — logging — INFO — start_logging : 41 — 





2023-06-01 19:06:54,567 — logging — INFO — start_logging : 42 — Starting EdgeAI core API .............
2023-06-01 19:09:09,555 — logging — INFO — start_logging : 41 — 





2023-06-01 19:09:09,556 — logging — INFO — start_logging : 42 — Starting EdgeAI core API .............
2023-06-01 19:09:52,570 — logging — INFO — start_logging : 41 — 





2023-06-01 19:09:52,570 — logging — INFO — start_logging : 42 — Starting EdgeAI core API .............
2023-06-01 19:10:45,360 — logging — INFO — start_logging : 41 — 





2023-06-01 19:10:45,360 — logging — INFO — start_logging : 42 — Starting EdgeAI core API .............
2023-06-01 19:11:02,068 — logging — INFO — start_logging : 41 — 





2023-06-01 19:11:02,069 — logging — INFO — start_logging : 42 — Starting EdgeAI core API .............
2023-06-01 19:11:27,615 — logging — INFO — start_logging : 41 — 





2023-06-01 19:11:27,615 — logging — INFO — start_logging : 42 — Starting EdgeAI core API .............
2023-06-01 19:12:29,022 — logging — INFO — start_logging : 41 — 





2023-06-01 19:12:29,022 — logging — INFO — start_logging : 42 — Starting EdgeAI core API .............
2023-06-01 19:12:41,111 — logging — INFO — start_logging : 41 — 





2023-06-01 19:12:41,111 — logging — INFO — start_logging : 42 — Starting EdgeAI core API .............
2023-06-01 19:15:31,834 — logging — INFO — start_logging : 41 — 





2023-06-01 19:15:31,834 — logging — INFO — start_logging : 42 — Starting EdgeAI core API .............
2023-06-01 19:15:55,436 — logging — INFO — start_logging : 41 — 





2023-06-01 19:15:55,436 — logging — INFO — start_logging : 42 — Starting EdgeAI core API .............
2023-06-01 19:16:41,046 — logging — INFO — start_logging : 41 — 





2023-06-01 19:16:41,046 — logging — INFO — start_logging : 42 — Starting EdgeAI core API .............
2023-06-01 19:16:49,452 — logging — INFO — start_logging : 41 — 





2023-06-01 19:16:49,452 — logging — INFO — start_logging : 42 — Starting EdgeAI core API .............
2023-06-01 19:29:21,293 — logging — INFO — start_logging : 41 — 





2023-06-01 19:29:21,293 — logging — INFO — start_logging : 42 — Starting EdgeAI core API .............
2023-06-01 19:29:40,595 — logging — INFO — start_logging : 41 — 





2023-06-01 19:29:40,595 — logging — INFO — start_logging : 42 — Starting EdgeAI core API .............
2023-06-01 19:35:58,107 — logging — INFO — start_logging : 41 — 





2023-06-01 19:35:58,107 — logging — INFO — start_logging : 42 — Starting EdgeAI core API .............
2023-06-01 19:37:07,953 — logging — INFO — start_logging : 41 — 





2023-06-01 19:37:07,954 — logging — INFO — start_logging : 42 — Starting EdgeAI core API .............
2023-06-01 19:38:15,962 — logging — INFO — start_logging : 41 — 





2023-06-01 19:38:15,962 — logging — INFO — start_logging : 42 — Starting EdgeAI core API .............
2023-06-01 19:38:21,203 — logging — INFO — start_logging : 41 — 





2023-06-01 19:38:21,203 — logging — INFO — start_logging : 42 — Starting EdgeAI core API .............
2023-06-01 19:40:34,207 — logging — INFO — start_logging : 41 — 





2023-06-01 19:40:34,207 — logging — INFO — start_logging : 42 — Starting EdgeAI core API .............
2023-06-01 19:40:34,671 — logging — INFO — start_logging : 41 — 





2023-06-01 19:40:34,671 — logging — INFO — start_logging : 42 — Starting EdgeAI core API .............
2023-06-01 19:40:52,381 — logging — INFO — start_logging : 41 — 





2023-06-01 19:40:52,381 — logging — INFO — start_logging : 42 — Starting EdgeAI core API .............
2023-06-01 19:40:52,812 — logging — INFO — start_logging : 41 — 





2023-06-01 19:40:52,812 — logging — INFO — start_logging : 42 — Starting EdgeAI core API .............
2023-06-01 19:41:11,225 — logging — INFO — start_logging : 41 — 





2023-06-01 19:41:11,225 — logging — INFO — start_logging : 42 — Starting EdgeAI core API .............
2023-06-01 19:41:11,645 — logging — INFO — start_logging : 41 — 





2023-06-01 19:41:11,645 — logging — INFO — start_logging : 42 — Starting EdgeAI core API .............
2023-06-01 19:41:17,900 — main — DEBUG — _log_changes : 279 — 1 change detected: {(<Change.modified: 2>, '/data/CODES/nvidia_manthana/opensource/edge_ai/core_api/backend/database/tables.py')}
2023-06-01 19:41:18,257 — logging — INFO — start_logging : 41 — 





2023-06-01 19:41:18,257 — logging — INFO — start_logging : 42 — Starting EdgeAI core API .............
2023-06-01 19:41:18,493 — main — DEBUG — _log_changes : 279 — 1 change detected: {(<Change.modified: 2>, '/data/CODES/nvidia_manthana/opensource/edge_ai/core_api/logs/edgeai_core_api.log')}
2023-06-01 19:41:18,844 — main — DEBUG — _log_changes : 279 — 1 change detected: {(<Change.modified: 2>, '/data/CODES/nvidia_manthana/opensource/edge_ai/core_api/logs/edgeai_core_api.log')}
2023-06-01 19:41:19,195 — main — DEBUG — _log_changes : 279 — 1 change detected: {(<Change.modified: 2>, '/data/CODES/nvidia_manthana/opensource/edge_ai/core_api/logs/edgeai_core_api.log')}
2023-06-01 19:41:19,546 — main — DEBUG — _log_changes : 279 — 1 change detected: {(<Change.modified: 2>, '/data/CODES/nvidia_manthana/opensource/edge_ai/core_api/logs/edgeai_core_api.log')}
2023-06-01 19:41:19,897 — main — DEBUG — _log_changes : 279 — 1 change detected: {(<Change.modified: 2>, '/data/CODES/nvidia_manthana/opensource/edge_ai/core_api/logs/edgeai_core_api.log')}
2023-06-01 19:41:20,248 — main — DEBUG — _log_changes : 279 — 1 change detected: {(<Change.modified: 2>, '/data/CODES/nvidia_manthana/opensource/edge_ai/core_api/logs/edgeai_core_api.log')}
2023-06-01 19:41:20,599 — main — DEBUG — _log_changes : 279 — 1 change detected: {(<Change.modified: 2>, '/data/CODES/nvidia_manthana/opensource/edge_ai/core_api/logs/edgeai_core_api.log')}
2023-06-01 19:41:20,950 — main — DEBUG — _log_changes : 279 — 1 change detected: {(<Change.modified: 2>, '/data/CODES/nvidia_manthana/opensource/edge_ai/core_api/logs/edgeai_core_api.log')}
2023-06-01 19:41:21,301 — main — DEBUG — _log_changes : 279 — 1 change detected: {(<Change.modified: 2>, '/data/CODES/nvidia_manthana/opensource/edge_ai/core_api/logs/edgeai_core_api.log')}
2023-06-01 19:41:21,653 — main — DEBUG — _log_changes : 279 — 1 change detected: {(<Change.modified: 2>, '/data/CODES/nvidia_manthana/opensource/edge_ai/core_api/logs/edgeai_core_api.log')}
2023-06-01 19:41:22,004 — main — DEBUG — _log_changes : 279 — 1 change detected: {(<Change.modified: 2>, '/data/CODES/nvidia_manthana/opensource/edge_ai/core_api/logs/edgeai_core_api.log')}
2023-06-01 19:41:22,355 — main — DEBUG — _log_changes : 279 — 1 change detected: {(<Change.modified: 2>, '/data/CODES/nvidia_manthana/opensource/edge_ai/core_api/logs/edgeai_core_api.log')}
2023-06-01 19:41:22,706 — main — DEBUG — _log_changes : 279 — 1 change detected: {(<Change.modified: 2>, '/data/CODES/nvidia_manthana/opensource/edge_ai/core_api/logs/edgeai_core_api.log')}
2023-06-01 19:41:23,057 — main — DEBUG — _log_changes : 279 — 1 change detected: {(<Change.modified: 2>, '/data/CODES/nvidia_manthana/opensource/edge_ai/core_api/logs/edgeai_core_api.log')}
2023-06-01 19:41:23,408 — main — DEBUG — _log_changes : 279 — 1 change detected: {(<Change.modified: 2>, '/data/CODES/nvidia_manthana/opensource/edge_ai/core_api/logs/edgeai_core_api.log')}
2023-06-01 19:41:23,759 — main — DEBUG — _log_changes : 279 — 1 change detected: {(<Change.modified: 2>, '/data/CODES/nvidia_manthana/opensource/edge_ai/core_api/logs/edgeai_core_api.log')}
2023-06-01 19:41:24,110 — main — DEBUG — _log_changes : 279 — 1 change detected: {(<Change.modified: 2>, '/data/CODES/nvidia_manthana/opensource/edge_ai/core_api/logs/edgeai_core_api.log')}
2023-06-01 19:41:24,461 — main — DEBUG — _log_changes : 279 — 1 change detected: {(<Change.modified: 2>, '/data/CODES/nvidia_manthana/opensource/edge_ai/core_api/logs/edgeai_core_api.log')}
2023-06-01 19:41:24,812 — main — DEBUG — _log_changes : 279 — 1 change detected: {(<Change.modified: 2>, '/data/CODES/nvidia_manthana/opensource/edge_ai/core_api/logs/edgeai_core_api.log')}
2023-06-01 19:41:25,163 — main — DEBUG — _log_changes : 279 — 1 change detected: {(<Change.modified: 2>, '/data/CODES/nvidia_manthana/opensource/edge_ai/core_api/logs/edgeai_core_api.log')}
2023-06-01 19:41:25,515 — main — DEBUG — _log_changes : 279 — 1 change detected: {(<Change.modified: 2>, '/data/CODES/nvidia_manthana/opensource/edge_ai/core_api/logs/edgeai_core_api.log')}
2023-06-01 19:41:25,866 — main — DEBUG — _log_changes : 279 — 1 change detected: {(<Change.modified: 2>, '/data/CODES/nvidia_manthana/opensource/edge_ai/core_api/logs/edgeai_core_api.log')}
2023-06-01 19:41:26,217 — main — DEBUG — _log_changes : 279 — 1 change detected: {(<Change.modified: 2>, '/data/CODES/nvidia_manthana/opensource/edge_ai/core_api/logs/edgeai_core_api.log')}
2023-06-01 19:41:26,568 — main — DEBUG — _log_changes : 279 — 1 change detected: {(<Change.modified: 2>, '/data/CODES/nvidia_manthana/opensource/edge_ai/core_api/logs/edgeai_core_api.log')}
2023-06-01 19:41:26,919 — main — DEBUG — _log_changes : 279 — 1 change detected: {(<Change.modified: 2>, '/data/CODES/nvidia_manthana/opensource/edge_ai/core_api/logs/edgeai_core_api.log')}
2023-06-01 19:41:27,270 — main — DEBUG — _log_changes : 279 — 1 change detected: {(<Change.modified: 2>, '/data/CODES/nvidia_manthana/opensource/edge_ai/core_api/logs/edgeai_core_api.log')}
2023-06-01 19:41:27,621 — main — DEBUG — _log_changes : 279 — 1 change detected: {(<Change.modified: 2>, '/data/CODES/nvidia_manthana/opensource/edge_ai/core_api/logs/edgeai_core_api.log')}
2023-06-01 19:41:27,972 — main — DEBUG — _log_changes : 279 — 1 change detected: {(<Change.modified: 2>, '/data/CODES/nvidia_manthana/opensource/edge_ai/core_api/logs/edgeai_core_api.log')}
2023-06-01 19:41:28,323 — main — DEBUG — _log_changes : 279 — 1 change detected: {(<Change.modified: 2>, '/data/CODES/nvidia_manthana/opensource/edge_ai/core_api/logs/edgeai_core_api.log')}
2023-06-01 19:41:28,674 — main — DEBUG — _log_changes : 279 — 1 change detected: {(<Change.modified: 2>, '/data/CODES/nvidia_manthana/opensource/edge_ai/core_api/logs/edgeai_core_api.log')}
2023-06-01 19:41:29,024 — main — DEBUG — _log_changes : 279 — 1 change detected: {(<Change.modified: 2>, '/data/CODES/nvidia_manthana/opensource/edge_ai/core_api/logs/edgeai_core_api.log')}
2023-06-01 19:41:29,376 — main — DEBUG — _log_changes : 279 — 1 change detected: {(<Change.modified: 2>, '/data/CODES/nvidia_manthana/opensource/edge_ai/core_api/logs/edgeai_core_api.log')}
2023-06-01 19:41:29,727 — main — DEBUG — _log_changes : 279 — 1 change detected: {(<Change.modified: 2>, '/data/CODES/nvidia_manthana/opensource/edge_ai/core_api/logs/edgeai_core_api.log')}
2023-06-01 19:41:30,078 — main — DEBUG — _log_changes : 279 — 1 change detected: {(<Change.modified: 2>, '/data/CODES/nvidia_manthana/opensource/edge_ai/core_api/logs/edgeai_core_api.log')}
2023-06-01 19:41:30,429 — main — DEBUG — _log_changes : 279 — 1 change detected: {(<Change.modified: 2>, '/data/CODES/nvidia_manthana/opensource/edge_ai/core_api/logs/edgeai_core_api.log')}
2023-06-01 19:41:30,780 — main — DEBUG — _log_changes : 279 — 1 change detected: {(<Change.modified: 2>, '/data/CODES/nvidia_manthana/opensource/edge_ai/core_api/logs/edgeai_core_api.log')}
2023-06-01 19:41:31,131 — main — DEBUG — _log_changes : 279 — 1 change detected: {(<Change.modified: 2>, '/data/CODES/nvidia_manthana/opensource/edge_ai/core_api/logs/edgeai_core_api.log')}
2023-06-01 19:41:31,482 — main — DEBUG — _log_changes : 279 — 1 change detected: {(<Change.modified: 2>, '/data/CODES/nvidia_manthana/opensource/edge_ai/core_api/logs/edgeai_core_api.log')}
2023-06-01 19:41:31,833 — main — DEBUG — _log_changes : 279 — 1 change detected: {(<Change.modified: 2>, '/data/CODES/nvidia_manthana/opensource/edge_ai/core_api/logs/edgeai_core_api.log')}
2023-06-01 19:41:32,184 — main — DEBUG — _log_changes : 279 — 1 change detected: {(<Change.modified: 2>, '/data/CODES/nvidia_manthana/opensource/edge_ai/core_api/logs/edgeai_core_api.log')}
2023-06-01 19:41:32,535 — main — DEBUG — _log_changes : 279 — 1 change detected: {(<Change.modified: 2>, '/data/CODES/nvidia_manthana/opensource/edge_ai/core_api/logs/edgeai_core_api.log')}
2023-06-01 19:41:32,886 — main — DEBUG — _log_changes : 279 — 1 change detected: {(<Change.modified: 2>, '/data/CODES/nvidia_manthana/opensource/edge_ai/core_api/logs/edgeai_core_api.log')}
2023-06-01 19:41:33,237 — main — DEBUG — _log_changes : 279 — 1 change detected: {(<Change.modified: 2>, '/data/CODES/nvidia_manthana/opensource/edge_ai/core_api/logs/edgeai_core_api.log')}
2023-06-01 19:41:33,588 — main — DEBUG — _log_changes : 279 — 1 change detected: {(<Change.modified: 2>, '/data/CODES/nvidia_manthana/opensource/edge_ai/core_api/logs/edgeai_core_api.log')}
2023-06-01 19:41:33,939 — main — DEBUG — _log_changes : 279 — 1 change detected: {(<Change.modified: 2>, '/data/CODES/nvidia_manthana/opensource/edge_ai/core_api/logs/edgeai_core_api.log')}
2023-06-01 19:41:34,290 — main — DEBUG — _log_changes : 279 — 1 change detected: {(<Change.modified: 2>, '/data/CODES/nvidia_manthana/opensource/edge_ai/core_api/logs/edgeai_core_api.log')}
2023-06-01 19:41:55,710 — logging — INFO — start_logging : 41 — 





2023-06-01 19:41:55,711 — logging — INFO — start_logging : 42 — Starting EdgeAI core API .............
2023-06-01 19:44:14,514 — logging — INFO — start_logging : 41 — 





2023-06-01 19:44:14,514 — logging — INFO — start_logging : 42 — Starting EdgeAI core API .............
2023-06-01 19:45:25,604 — logging — INFO — start_logging : 41 — 





2023-06-01 19:45:25,604 — logging — INFO — start_logging : 42 — Starting EdgeAI core API .............
2023-06-01 19:46:18,414 — logging — INFO — start_logging : 41 — 





2023-06-01 19:46:18,415 — logging — INFO — start_logging : 42 — Starting EdgeAI core API .............
2023-06-01 19:49:07,237 — logging — INFO — start_logging : 41 — 





2023-06-01 19:49:07,237 — logging — INFO — start_logging : 42 — Starting EdgeAI core API .............
2023-06-01 19:50:01,573 — logging — INFO — start_logging : 41 — 





2023-06-01 19:50:01,573 — logging — INFO — start_logging : 42 — Starting EdgeAI core API .............
2023-06-01 19:51:45,996 — logging — INFO — start_logging : 41 — 





2023-06-01 19:51:45,996 — logging — INFO — start_logging : 42 — Starting EdgeAI core API .............
2023-06-01 20:02:52,064 — logging — INFO — start_logging : 41 — 





2023-06-01 20:02:52,064 — logging — INFO — start_logging : 42 — Starting EdgeAI core API .............
2023-06-01 20:03:25,134 — logging — INFO — start_logging : 41 — 





2023-06-01 20:03:25,134 — logging — INFO — start_logging : 42 — Starting EdgeAI core API .............
2023-06-01 20:08:30,376 — logging — INFO — start_logging : 41 — 





2023-06-01 20:08:30,376 — logging — INFO — start_logging : 42 — Starting EdgeAI core API .............
